[debug] [2023-10-11T06:17:37.021Z] ----------------------------------------------------------------------
[debug] [2023-10-11T06:17:37.028Z] Command:       C:\Program Files\nodejs\node.exe C:\Users\isaak\AppData\Roaming\npm\node_modules\firebase-tools\lib\bin\firebase.js emulators:start
[debug] [2023-10-11T06:17:37.029Z] CLI Version:   12.6.2
[debug] [2023-10-11T06:17:37.030Z] Platform:      win32
[debug] [2023-10-11T06:17:37.031Z] Node Version:  v18.16.0
[debug] [2023-10-11T06:17:37.033Z] Time:          Wed Oct 11 2023 09:17:37 GMT+0300 (East Africa Time)
[debug] [2023-10-11T06:17:37.033Z] ----------------------------------------------------------------------
[debug] 
[debug] [2023-10-11T06:17:37.249Z] > command requires scopes: ["email","openid","https://www.googleapis.com/auth/cloudplatformprojects.readonly","https://www.googleapis.com/auth/firebase","https://www.googleapis.com/auth/cloud-platform"]
[debug] [2023-10-11T06:17:37.250Z] > authorizing via signed-in user (yesakfordev@gmail.com)
[info] i  emulators: Starting emulators: functions, hosting {"metadata":{"emulator":{"name":"hub"},"message":"Starting emulators: functions, hosting"}}
[debug] [2023-10-11T06:17:37.264Z] [logging] Logging Emulator only supports listening on one address (127.0.0.1). Not listening on ::1
[debug] [2023-10-11T06:17:37.264Z] [hosting] Hosting Emulator only supports listening on one address (127.0.0.1). Not listening on ::1
[debug] [2023-10-11T06:17:37.265Z] assigned listening specs for emulators {"user":{"hub":[{"address":"127.0.0.1","family":"IPv4","port":4400},{"address":"::1","family":"IPv6","port":4400}],"ui":[{"address":"127.0.0.1","family":"IPv4","port":4000},{"address":"::1","family":"IPv6","port":4000}],"logging":[{"address":"127.0.0.1","family":"IPv4","port":4500}],"hosting":[{"address":"127.0.0.1","family":"IPv4","port":5000}]},"metadata":{"message":"assigned listening specs for emulators"}}
[debug] [2023-10-11T06:17:37.342Z] [hub] writing locator at C:\Users\isaak\AppData\Local\Temp\hub-my-amzon-clone-fc9f5.json
[debug] [2023-10-11T06:17:37.360Z] [functions] Functions Emulator only supports listening on one address (127.0.0.1). Not listening on ::1
[debug] [2023-10-11T06:17:37.360Z] [eventarc] Eventarc Emulator only supports listening on one address (127.0.0.1). Not listening on ::1
[debug] [2023-10-11T06:17:37.360Z] late-assigned ports for functions and eventarc emulators {"user":{"hub":[{"address":"127.0.0.1","family":"IPv4","port":4400},{"address":"::1","family":"IPv6","port":4400}],"ui":[{"address":"127.0.0.1","family":"IPv4","port":4000},{"address":"::1","family":"IPv6","port":4000}],"logging":[{"address":"127.0.0.1","family":"IPv4","port":4500}],"hosting":[{"address":"127.0.0.1","family":"IPv4","port":5000}],"functions":[{"address":"127.0.0.1","family":"IPv4","port":5001}],"eventarc":[{"address":"127.0.0.1","family":"IPv4","port":9299}]},"metadata":{"message":"late-assigned ports for functions and eventarc emulators"}}
[warn] !  functions: The following emulators are not running, calls to these services from the Functions emulator will affect production: auth, firestore, database, pubsub, storage {"metadata":{"emulator":{"name":"functions"},"message":"The following emulators are not running, calls to these services from the Functions emulator will affect production: \u001b[1mauth, firestore, database, pubsub, storage\u001b[22m"}}
[debug] [2023-10-11T06:17:37.378Z] defaultcredentials: writing to file C:\Users\isaak\AppData\Roaming\firebase\yesakfordev_gmail_com_application_default_credentials.json
[debug] [2023-10-11T06:17:37.390Z] Setting GAC to C:\Users\isaak\AppData\Roaming\firebase\yesakfordev_gmail_com_application_default_credentials.json {"metadata":{"emulator":{"name":"functions"},"message":"Setting GAC to C:\\Users\\isaak\\AppData\\Roaming\\firebase\\yesakfordev_gmail_com_application_default_credentials.json"}}
[debug] [2023-10-11T06:17:37.393Z] > refreshing access token with scopes: []
[debug] [2023-10-11T06:17:37.395Z] >>> [apiv2][query] POST https://www.googleapis.com/oauth2/v3/token [none]
[debug] [2023-10-11T06:17:37.395Z] >>> [apiv2][body] POST https://www.googleapis.com/oauth2/v3/token [omitted]
[debug] [2023-10-11T06:17:38.153Z] <<< [apiv2][status] POST https://www.googleapis.com/oauth2/v3/token 200
[debug] [2023-10-11T06:17:38.154Z] <<< [apiv2][body] POST https://www.googleapis.com/oauth2/v3/token [omitted]
[debug] [2023-10-11T06:17:38.279Z] >>> [apiv2][query] GET https://firebase.googleapis.com/v1beta1/projects/my-amzon-clone-fc9f5/adminSdkConfig [none]
[debug] [2023-10-11T06:17:39.149Z] <<< [apiv2][status] GET https://firebase.googleapis.com/v1beta1/projects/my-amzon-clone-fc9f5/adminSdkConfig 200
[debug] [2023-10-11T06:17:39.149Z] <<< [apiv2][body] GET https://firebase.googleapis.com/v1beta1/projects/my-amzon-clone-fc9f5/adminSdkConfig {"projectId":"my-amzon-clone-fc9f5","storageBucket":"my-amzon-clone-fc9f5.appspot.com"}
[debug] [2023-10-11T06:17:39.285Z] >>> [apiv2][query] GET https://firebasehosting.googleapis.com/v1beta1/projects/my-amzon-clone-fc9f5/sites 
[debug] [2023-10-11T06:17:41.544Z] <<< [apiv2][status] GET https://firebasehosting.googleapis.com/v1beta1/projects/my-amzon-clone-fc9f5/sites 200
[debug] [2023-10-11T06:17:41.544Z] <<< [apiv2][body] GET https://firebasehosting.googleapis.com/v1beta1/projects/my-amzon-clone-fc9f5/sites {"sites":[{"name":"projects/my-amzon-clone-fc9f5/sites/my-amzon-clone-fc9f5","defaultUrl":"https://my-amzon-clone-fc9f5.web.app","appId":"1:747220914024:web:0e1e3b20efe8eb14ea90dd","type":"DEFAULT_SITE"}]}
[debug] [2023-10-11T06:17:41.545Z] >>> [apiv2][query] GET https://firebase.googleapis.com/v1beta1/projects/my-amzon-clone-fc9f5/webApps/1:747220914024:web:0e1e3b20efe8eb14ea90dd/config [none]
[debug] [2023-10-11T06:17:42.657Z] <<< [apiv2][status] GET https://firebase.googleapis.com/v1beta1/projects/my-amzon-clone-fc9f5/webApps/1:747220914024:web:0e1e3b20efe8eb14ea90dd/config 200
[debug] [2023-10-11T06:17:42.657Z] <<< [apiv2][body] GET https://firebase.googleapis.com/v1beta1/projects/my-amzon-clone-fc9f5/webApps/1:747220914024:web:0e1e3b20efe8eb14ea90dd/config {"projectId":"my-amzon-clone-fc9f5","appId":"1:747220914024:web:0e1e3b20efe8eb14ea90dd","storageBucket":"my-amzon-clone-fc9f5.appspot.com","apiKey":"AIzaSyBIAQNaKIFSk38E5v8qN0wHCN4oxHYZHYo","authDomain":"my-amzon-clone-fc9f5.firebaseapp.com","messagingSenderId":"747220914024"}
[debug] [2023-10-11T06:17:42.729Z] >>> [apiv2][query] GET https://firebase.googleapis.com/v1beta1/projects/my-amzon-clone-fc9f5 [none]
[debug] [2023-10-11T06:17:43.418Z] <<< [apiv2][status] GET https://firebase.googleapis.com/v1beta1/projects/my-amzon-clone-fc9f5 200
[debug] [2023-10-11T06:17:43.419Z] <<< [apiv2][body] GET https://firebase.googleapis.com/v1beta1/projects/my-amzon-clone-fc9f5 {"projectId":"my-amzon-clone-fc9f5","projectNumber":"747220914024","displayName":"my-amzon-clone","name":"projects/my-amzon-clone-fc9f5","resources":{"hostingSite":"my-amzon-clone-fc9f5"},"state":"ACTIVE","etag":"1_eb4029e9-ff03-42fc-8746-08f08a63a8c6"}
[info] i  hosting[my-amzon-clone-fc9f5]: Serving hosting files from: build {"metadata":{"emulator":{"name":"hosting"},"message":"Serving hosting files from: \u001b[1mbuild\u001b[22m"}}
[info] +  hosting[my-amzon-clone-fc9f5]: Local server: http://127.0.0.1:5000 {"metadata":{"emulator":{"name":"hosting"},"message":"Local server: \u001b[4m\u001b[1mhttp://127.0.0.1:5000\u001b[22m\u001b[24m"}}
[debug] [2023-10-11T06:17:43.659Z] Ignoring unsupported arg: auto_download {"metadata":{"emulator":{"name":"ui"},"message":"Ignoring unsupported arg: auto_download"}}
[debug] [2023-10-11T06:17:43.659Z] Ignoring unsupported arg: port {"metadata":{"emulator":{"name":"ui"},"message":"Ignoring unsupported arg: port"}}
[debug] [2023-10-11T06:17:43.659Z] Starting Emulator UI with command {"binary":"node","args":["C:\\Users\\isaak\\.cache\\firebase\\emulators\\ui-v1.11.7\\server\\server.js"],"optionalArgs":[],"joinArgs":false} {"metadata":{"emulator":{"name":"ui"},"message":"Starting Emulator UI with command {\"binary\":\"node\",\"args\":[\"C:\\\\Users\\\\isaak\\\\.cache\\\\firebase\\\\emulators\\\\ui-v1.11.7\\\\server\\\\server.js\"],\"optionalArgs\":[],\"joinArgs\":false}"}}
[info] i  ui: Emulator UI logging to ui-debug.log {"metadata":{"emulator":{"name":"ui"},"message":"Emulator UI logging to \u001b[1mui-debug.log\u001b[22m"}}
[debug] [2023-10-11T06:17:43.992Z] Web / API server started at 127.0.0.1:4000
 {"metadata":{"emulator":{"name":"ui"},"message":"Web / API server started at 127.0.0.1:4000\n"}}
[debug] [2023-10-11T06:17:43.993Z] Web / API server started at ::1:4000
 {"metadata":{"emulator":{"name":"ui"},"message":"Web / API server started at ::1:4000\n"}}
[info] i  functions: Watching "E:\evangadi\phase3\projecct week\amazon-clone\functions" for Cloud Functions... {"metadata":{"emulator":{"name":"functions"},"message":"Watching \"E:\\evangadi\\phase3\\projecct week\\amazon-clone\\functions\" for Cloud Functions..."}}
[debug] [2023-10-11T06:17:44.001Z] Validating nodejs source
[debug] [2023-10-11T06:17:47.096Z] > [functions] package.json contents: {
  "name": "functions",
  "description": "Cloud Functions for Firebase",
  "scripts": {
    "lint": "eslint .",
    "serve": "firebase emulators:start --only functions",
    "shell": "firebase functions:shell",
    "start": "npm run shell",
    "deploy": "firebase deploy --only functions",
    "logs": "firebase functions:log"
  },
  "engines": {
    "node": "18"
  },
  "main": "index.js",
  "dependencies": {
    "cors": "^2.8.5",
    "dotenv": "^16.3.1",
    "express": "^4.18.2",
    "firebase-admin": "^11.8.0",
    "firebase-functions": "^4.3.1",
    "stripe": "^13.9.0"
  },
  "devDependencies": {
    "@types/node": "^20.8.4",
    "eslint": "^8.15.0",
    "eslint-config-google": "^0.14.0",
    "firebase-functions-test": "^3.1.0"
  },
  "private": true
}
[debug] [2023-10-11T06:17:47.097Z] Building nodejs source
[debug] [2023-10-11T06:17:47.097Z] Failed to find version of module node: reached end of search path E:\evangadi\phase3\projecct week\amazon-clone\functions\node_modules
[info] +  functions: Using node@18 from host. 
[info] i  functions: Loaded environment variables from .env. 
[debug] [2023-10-11T06:17:47.104Z] Could not find functions.yaml. Must use http discovery
[debug] [2023-10-11T06:17:47.135Z] Found firebase-functions binary at 'E:\evangadi\phase3\projecct week\amazon-clone\functions\node_modules\.bin\firebase-functions'
[info] Serving at port 8968

[debug] [2023-10-11T06:17:56.667Z] Got response from /__/functions.yaml {"endpoints":{"api":{"platform":"gcfv1","availableMemoryMb":null,"timeoutSeconds":null,"minInstances":null,"maxInstances":null,"ingressSettings":null,"serviceAccountEmail":null,"vpc":null,"httpsTrigger":{},"entryPoint":"api"}},"specVersion":"v1alpha1","requiredAPIs":[]}
[info] shutdown requested via /__/quitquitquit

[info] +  functions: Loaded functions definitions from source: api. {"metadata":{"emulator":{"name":"functions"},"message":"Loaded functions definitions from source: api."}}
[info] +  functions[us-central1-api]: http function initialized (http://127.0.0.1:5001/my-amzon-clone-fc9f5/us-central1/api). {"metadata":{"emulator":{"name":"functions"},"message":"\u001b[1mhttp\u001b[22m function initialized (http://127.0.0.1:5001/my-amzon-clone-fc9f5/us-central1/api)."}}
[info] 
┌─────────────────────────────────────────────────────────────┐
│ ✔  All emulators ready! It is now safe to connect your app. │
│ i  View Emulator UI at http://127.0.0.1:4000/               │
└─────────────────────────────────────────────────────────────┘

┌───────────┬────────────────┬─────────────────────────────────┐
│ Emulator  │ Host:Port      │ View in Emulator UI             │
├───────────┼────────────────┼─────────────────────────────────┤
│ Functions │ 127.0.0.1:5001 │ http://127.0.0.1:4000/functions │
├───────────┼────────────────┼─────────────────────────────────┤
│ Hosting   │ 127.0.0.1:5000 │ n/a                             │
└───────────┴────────────────┴─────────────────────────────────┘
  Emulator Hub running at 127.0.0.1:4400
  Other reserved ports: 4500

Issues? Report them at https://github.com/firebase/firebase-tools/issues and attach the *-debug.log files.
 
[debug] [2023-10-11T06:19:51.782Z] [work-queue] {"queuedWork":["/my-amzon-clone-fc9f5/us-central1/api/payments/create-2023-10-11T06:19:51.781Z"],"queueLength":1,"runningWork":[],"workRunningCount":0}
[debug] [2023-10-11T06:19:51.782Z] [work-queue] {"queuedWork":[],"queueLength":0,"runningWork":["/my-amzon-clone-fc9f5/us-central1/api/payments/create-2023-10-11T06:19:51.781Z"],"workRunningCount":1}
[debug] [2023-10-11T06:19:51.783Z] Accepted request POST /my-amzon-clone-fc9f5/us-central1/api/payments/create?total=2900 --> us-central1-api
[debug] [2023-10-11T06:19:51.789Z] [functions] Runtime ready! Sending request! {"metadata":{"emulator":{"name":"functions"},"message":"[functions] Runtime ready! Sending request!"}}
[debug] [2023-10-11T06:19:51.790Z] [functions] Got req.url=/my-amzon-clone-fc9f5/us-central1/api/payments/create?total=2900, mapping to path=/payments/create?total=2900 {"metadata":{"emulator":{"name":"functions"},"message":"[functions] Got req.url=/my-amzon-clone-fc9f5/us-central1/api/payments/create?total=2900, mapping to path=/payments/create?total=2900"}}
[info] i  functions: Loaded environment variables from .env. 
[debug] [2023-10-11T06:19:52.139Z] [worker-pool] addWorker(us-central1-api) {"metadata":{"emulator":{"name":"functions"},"message":"[worker-pool] addWorker(us-central1-api)"}}
[debug] [2023-10-11T06:19:52.149Z] [worker-pool] Adding worker with key us-central1-api, total=1 {"metadata":{"emulator":{"name":"functions"},"message":"[worker-pool] Adding worker with key us-central1-api, total=1"}}
[debug] [2023-10-11T06:19:52.152Z] [work-queue] {"queuedWork":["/my-amzon-clone-fc9f5/us-central1/api/payments/create-2023-10-11T06:19:52.152Z"],"queueLength":1,"runningWork":["/my-amzon-clone-fc9f5/us-central1/api/payments/create-2023-10-11T06:19:51.781Z"],"workRunningCount":1}
[debug] [2023-10-11T06:19:52.152Z] [work-queue] {"queuedWork":[],"queueLength":0,"runningWork":["/my-amzon-clone-fc9f5/us-central1/api/payments/create-2023-10-11T06:19:51.781Z","/my-amzon-clone-fc9f5/us-central1/api/payments/create-2023-10-11T06:19:52.152Z"],"workRunningCount":2}
[debug] [2023-10-11T06:19:52.152Z] Accepted request POST /my-amzon-clone-fc9f5/us-central1/api/payments/create?total=2900 --> us-central1-api
[debug] [2023-10-11T06:19:52.155Z] [functions] Runtime ready! Sending request! {"metadata":{"emulator":{"name":"functions"},"message":"[functions] Runtime ready! Sending request!"}}
[debug] [2023-10-11T06:19:52.155Z] [functions] Got req.url=/my-amzon-clone-fc9f5/us-central1/api/payments/create?total=2900, mapping to path=/payments/create?total=2900 {"metadata":{"emulator":{"name":"functions"},"message":"[functions] Got req.url=/my-amzon-clone-fc9f5/us-central1/api/payments/create?total=2900, mapping to path=/payments/create?total=2900"}}
[info] i  functions: Loaded environment variables from .env. 
[debug] [2023-10-11T06:19:52.165Z] [worker-pool] addWorker(us-central1-api) {"metadata":{"emulator":{"name":"functions"},"message":"[worker-pool] addWorker(us-central1-api)"}}
[debug] [2023-10-11T06:19:52.166Z] [worker-pool] Adding worker with key us-central1-api, total=2 {"metadata":{"emulator":{"name":"functions"},"message":"[worker-pool] Adding worker with key us-central1-api, total=2"}}
[debug] [2023-10-11T06:19:54.538Z] [runtime-status] [29492] Resolved module firebase-admin {"declared":true,"installed":true,"version":"11.11.0","resolution":"E:\\evangadi\\phase3\\projecct week\\amazon-clone\\functions\\node_modules\\firebase-admin\\lib\\index.js"} {"metadata":{"emulator":{"name":"functions"},"function":{"name":"us-central1-api"},"extension":{},"message":"[runtime-status] [29492] Resolved module firebase-admin {\"declared\":true,\"installed\":true,\"version\":\"11.11.0\",\"resolution\":\"E:\\\\evangadi\\\\phase3\\\\projecct week\\\\amazon-clone\\\\functions\\\\node_modules\\\\firebase-admin\\\\lib\\\\index.js\"}"}}
[debug] [2023-10-11T06:19:54.538Z] [runtime-status] [29484] Resolved module firebase-admin {"declared":true,"installed":true,"version":"11.11.0","resolution":"E:\\evangadi\\phase3\\projecct week\\amazon-clone\\functions\\node_modules\\firebase-admin\\lib\\index.js"} {"metadata":{"emulator":{"name":"functions"},"function":{"name":"us-central1-api"},"extension":{},"message":"[runtime-status] [29484] Resolved module firebase-admin {\"declared\":true,\"installed\":true,\"version\":\"11.11.0\",\"resolution\":\"E:\\\\evangadi\\\\phase3\\\\projecct week\\\\amazon-clone\\\\functions\\\\node_modules\\\\firebase-admin\\\\lib\\\\index.js\"}"}}
[debug] [2023-10-11T06:19:54.540Z] [runtime-status] [29492] Resolved module firebase-functions {"declared":true,"installed":true,"version":"4.4.1","resolution":"E:\\evangadi\\phase3\\projecct week\\amazon-clone\\functions\\node_modules\\firebase-functions\\lib\\v1\\index.js"} {"metadata":{"emulator":{"name":"functions"},"function":{"name":"us-central1-api"},"extension":{},"message":"[runtime-status] [29492] Resolved module firebase-functions {\"declared\":true,\"installed\":true,\"version\":\"4.4.1\",\"resolution\":\"E:\\\\evangadi\\\\phase3\\\\projecct week\\\\amazon-clone\\\\functions\\\\node_modules\\\\firebase-functions\\\\lib\\\\v1\\\\index.js\"}"}}
[debug] [2023-10-11T06:19:54.540Z] [runtime-status] [29484] Resolved module firebase-functions {"declared":true,"installed":true,"version":"4.4.1","resolution":"E:\\evangadi\\phase3\\projecct week\\amazon-clone\\functions\\node_modules\\firebase-functions\\lib\\v1\\index.js"} {"metadata":{"emulator":{"name":"functions"},"function":{"name":"us-central1-api"},"extension":{},"message":"[runtime-status] [29484] Resolved module firebase-functions {\"declared\":true,\"installed\":true,\"version\":\"4.4.1\",\"resolution\":\"E:\\\\evangadi\\\\phase3\\\\projecct week\\\\amazon-clone\\\\functions\\\\node_modules\\\\firebase-functions\\\\lib\\\\v1\\\\index.js\"}"}}
[debug] [2023-10-11T06:19:54.540Z] [runtime-status] [29492] Outgoing network have been stubbed. [{"name":"http","status":"mocked"},{"name":"http","status":"mocked"},{"name":"https","status":"mocked"},{"name":"https","status":"mocked"},{"name":"net","status":"mocked"}] {"metadata":{"emulator":{"name":"functions"},"function":{"name":"us-central1-api"},"extension":{},"message":"[runtime-status] [29492] Outgoing network have been stubbed. [{\"name\":\"http\",\"status\":\"mocked\"},{\"name\":\"http\",\"status\":\"mocked\"},{\"name\":\"https\",\"status\":\"mocked\"},{\"name\":\"https\",\"status\":\"mocked\"},{\"name\":\"net\",\"status\":\"mocked\"}]"}}
[debug] [2023-10-11T06:19:54.541Z] [runtime-status] [29484] Outgoing network have been stubbed. [{"name":"http","status":"mocked"},{"name":"http","status":"mocked"},{"name":"https","status":"mocked"},{"name":"https","status":"mocked"},{"name":"net","status":"mocked"}] {"metadata":{"emulator":{"name":"functions"},"function":{"name":"us-central1-api"},"extension":{},"message":"[runtime-status] [29484] Outgoing network have been stubbed. [{\"name\":\"http\",\"status\":\"mocked\"},{\"name\":\"http\",\"status\":\"mocked\"},{\"name\":\"https\",\"status\":\"mocked\"},{\"name\":\"https\",\"status\":\"mocked\"},{\"name\":\"net\",\"status\":\"mocked\"}]"}}
[debug] [2023-10-11T06:19:54.542Z] [runtime-status] [29492] Resolved module firebase-functions {"declared":true,"installed":true,"version":"4.4.1","resolution":"E:\\evangadi\\phase3\\projecct week\\amazon-clone\\functions\\node_modules\\firebase-functions\\lib\\v1\\index.js"} {"metadata":{"emulator":{"name":"functions"},"function":{"name":"us-central1-api"},"extension":{},"message":"[runtime-status] [29492] Resolved module firebase-functions {\"declared\":true,\"installed\":true,\"version\":\"4.4.1\",\"resolution\":\"E:\\\\evangadi\\\\phase3\\\\projecct week\\\\amazon-clone\\\\functions\\\\node_modules\\\\firebase-functions\\\\lib\\\\v1\\\\index.js\"}"}}
[debug] [2023-10-11T06:19:54.542Z] [runtime-status] [29484] Resolved module firebase-functions {"declared":true,"installed":true,"version":"4.4.1","resolution":"E:\\evangadi\\phase3\\projecct week\\amazon-clone\\functions\\node_modules\\firebase-functions\\lib\\v1\\index.js"} {"metadata":{"emulator":{"name":"functions"},"function":{"name":"us-central1-api"},"extension":{},"message":"[runtime-status] [29484] Resolved module firebase-functions {\"declared\":true,\"installed\":true,\"version\":\"4.4.1\",\"resolution\":\"E:\\\\evangadi\\\\phase3\\\\projecct week\\\\amazon-clone\\\\functions\\\\node_modules\\\\firebase-functions\\\\lib\\\\v1\\\\index.js\"}"}}
[debug] [2023-10-11T06:19:55.041Z] [runtime-status] [29492] Checked functions.config() {"config":{}} {"metadata":{"emulator":{"name":"functions"},"function":{"name":"us-central1-api"},"extension":{},"message":"[runtime-status] [29492] Checked functions.config() {\"config\":{}}"}}
[debug] [2023-10-11T06:19:55.042Z] [runtime-status] [29484] Checked functions.config() {"config":{}} {"metadata":{"emulator":{"name":"functions"},"function":{"name":"us-central1-api"},"extension":{},"message":"[runtime-status] [29484] Checked functions.config() {\"config\":{}}"}}
[debug] [2023-10-11T06:19:55.042Z] [runtime-status] [29484] firebase-functions has been stubbed. {"functionsResolution":{"declared":true,"installed":true,"version":"4.4.1","resolution":"E:\\evangadi\\phase3\\projecct week\\amazon-clone\\functions\\node_modules\\firebase-functions\\lib\\v1\\index.js"}} {"metadata":{"emulator":{"name":"functions"},"function":{"name":"us-central1-api"},"extension":{},"message":"[runtime-status] [29484] firebase-functions has been stubbed. {\"functionsResolution\":{\"declared\":true,\"installed\":true,\"version\":\"4.4.1\",\"resolution\":\"E:\\\\evangadi\\\\phase3\\\\projecct week\\\\amazon-clone\\\\functions\\\\node_modules\\\\firebase-functions\\\\lib\\\\v1\\\\index.js\"}}"}}
[debug] [2023-10-11T06:19:55.042Z] [runtime-status] [29492] firebase-functions has been stubbed. {"functionsResolution":{"declared":true,"installed":true,"version":"4.4.1","resolution":"E:\\evangadi\\phase3\\projecct week\\amazon-clone\\functions\\node_modules\\firebase-functions\\lib\\v1\\index.js"}} {"metadata":{"emulator":{"name":"functions"},"function":{"name":"us-central1-api"},"extension":{},"message":"[runtime-status] [29492] firebase-functions has been stubbed. {\"functionsResolution\":{\"declared\":true,\"installed\":true,\"version\":\"4.4.1\",\"resolution\":\"E:\\\\evangadi\\\\phase3\\\\projecct week\\\\amazon-clone\\\\functions\\\\node_modules\\\\firebase-functions\\\\lib\\\\v1\\\\index.js\"}}"}}
[debug] [2023-10-11T06:19:55.043Z] [runtime-status] [29492] Resolved module firebase-functions {"declared":true,"installed":true,"version":"4.4.1","resolution":"E:\\evangadi\\phase3\\projecct week\\amazon-clone\\functions\\node_modules\\firebase-functions\\lib\\v1\\index.js"} {"metadata":{"emulator":{"name":"functions"},"function":{"name":"us-central1-api"},"extension":{},"message":"[runtime-status] [29492] Resolved module firebase-functions {\"declared\":true,\"installed\":true,\"version\":\"4.4.1\",\"resolution\":\"E:\\\\evangadi\\\\phase3\\\\projecct week\\\\amazon-clone\\\\functions\\\\node_modules\\\\firebase-functions\\\\lib\\\\v1\\\\index.js\"}"}}
[debug] [2023-10-11T06:19:55.043Z] [runtime-status] [29484] Resolved module firebase-functions {"declared":true,"installed":true,"version":"4.4.1","resolution":"E:\\evangadi\\phase3\\projecct week\\amazon-clone\\functions\\node_modules\\firebase-functions\\lib\\v1\\index.js"} {"metadata":{"emulator":{"name":"functions"},"function":{"name":"us-central1-api"},"extension":{},"message":"[runtime-status] [29484] Resolved module firebase-functions {\"declared\":true,\"installed\":true,\"version\":\"4.4.1\",\"resolution\":\"E:\\\\evangadi\\\\phase3\\\\projecct week\\\\amazon-clone\\\\functions\\\\node_modules\\\\firebase-functions\\\\lib\\\\v1\\\\index.js\"}"}}
[debug] [2023-10-11T06:19:55.045Z] [runtime-status] [29492] Resolved module firebase-admin {"declared":true,"installed":true,"version":"11.11.0","resolution":"E:\\evangadi\\phase3\\projecct week\\amazon-clone\\functions\\node_modules\\firebase-admin\\lib\\index.js"} {"metadata":{"emulator":{"name":"functions"},"function":{"name":"us-central1-api"},"extension":{},"message":"[runtime-status] [29492] Resolved module firebase-admin {\"declared\":true,\"installed\":true,\"version\":\"11.11.0\",\"resolution\":\"E:\\\\evangadi\\\\phase3\\\\projecct week\\\\amazon-clone\\\\functions\\\\node_modules\\\\firebase-admin\\\\lib\\\\index.js\"}"}}
[debug] [2023-10-11T06:19:55.045Z] [runtime-status] [29484] Resolved module firebase-admin {"declared":true,"installed":true,"version":"11.11.0","resolution":"E:\\evangadi\\phase3\\projecct week\\amazon-clone\\functions\\node_modules\\firebase-admin\\lib\\index.js"} {"metadata":{"emulator":{"name":"functions"},"function":{"name":"us-central1-api"},"extension":{},"message":"[runtime-status] [29484] Resolved module firebase-admin {\"declared\":true,\"installed\":true,\"version\":\"11.11.0\",\"resolution\":\"E:\\\\evangadi\\\\phase3\\\\projecct week\\\\amazon-clone\\\\functions\\\\node_modules\\\\firebase-admin\\\\lib\\\\index.js\"}"}}
[debug] [2023-10-11T06:19:55.126Z] [runtime-status] [29484] Resolved module firebase-functions {"declared":true,"installed":true,"version":"4.4.1","resolution":"E:\\evangadi\\phase3\\projecct week\\amazon-clone\\functions\\node_modules\\firebase-functions\\lib\\v1\\index.js"} {"metadata":{"emulator":{"name":"functions"},"function":{"name":"us-central1-api"},"extension":{},"message":"[runtime-status] [29484] Resolved module firebase-functions {\"declared\":true,\"installed\":true,\"version\":\"4.4.1\",\"resolution\":\"E:\\\\evangadi\\\\phase3\\\\projecct week\\\\amazon-clone\\\\functions\\\\node_modules\\\\firebase-functions\\\\lib\\\\v1\\\\index.js\"}"}}
[debug] [2023-10-11T06:19:55.127Z] [runtime-status] [29492] Resolved module firebase-functions {"declared":true,"installed":true,"version":"4.4.1","resolution":"E:\\evangadi\\phase3\\projecct week\\amazon-clone\\functions\\node_modules\\firebase-functions\\lib\\v1\\index.js"} {"metadata":{"emulator":{"name":"functions"},"function":{"name":"us-central1-api"},"extension":{},"message":"[runtime-status] [29492] Resolved module firebase-functions {\"declared\":true,\"installed\":true,\"version\":\"4.4.1\",\"resolution\":\"E:\\\\evangadi\\\\phase3\\\\projecct week\\\\amazon-clone\\\\functions\\\\node_modules\\\\firebase-functions\\\\lib\\\\v1\\\\index.js\"}"}}
[debug] [2023-10-11T06:19:55.127Z] [runtime-status] [29492] firebase-admin has been stubbed. {"adminResolution":{"declared":true,"installed":true,"version":"11.11.0","resolution":"E:\\evangadi\\phase3\\projecct week\\amazon-clone\\functions\\node_modules\\firebase-admin\\lib\\index.js"}} {"metadata":{"emulator":{"name":"functions"},"function":{"name":"us-central1-api"},"extension":{},"message":"[runtime-status] [29492] firebase-admin has been stubbed. {\"adminResolution\":{\"declared\":true,\"installed\":true,\"version\":\"11.11.0\",\"resolution\":\"E:\\\\evangadi\\\\phase3\\\\projecct week\\\\amazon-clone\\\\functions\\\\node_modules\\\\firebase-admin\\\\lib\\\\index.js\"}}"}}
[debug] [2023-10-11T06:19:55.128Z] [runtime-status] [29484] firebase-admin has been stubbed. {"adminResolution":{"declared":true,"installed":true,"version":"11.11.0","resolution":"E:\\evangadi\\phase3\\projecct week\\amazon-clone\\functions\\node_modules\\firebase-admin\\lib\\index.js"}} {"metadata":{"emulator":{"name":"functions"},"function":{"name":"us-central1-api"},"extension":{},"message":"[runtime-status] [29484] firebase-admin has been stubbed. {\"adminResolution\":{\"declared\":true,\"installed\":true,\"version\":\"11.11.0\",\"resolution\":\"E:\\\\evangadi\\\\phase3\\\\projecct week\\\\amazon-clone\\\\functions\\\\node_modules\\\\firebase-admin\\\\lib\\\\index.js\"}}"}}
[debug] [2023-10-11T06:19:55.614Z] [runtime-status] [29492] Functions runtime initialized. {"cwd":"E:\\evangadi\\phase3\\projecct week\\amazon-clone\\functions","node_version":"18.16.0"} {"metadata":{"emulator":{"name":"functions"},"function":{"name":"us-central1-api"},"extension":{},"message":"[runtime-status] [29492] Functions runtime initialized. {\"cwd\":\"E:\\\\evangadi\\\\phase3\\\\projecct week\\\\amazon-clone\\\\functions\",\"node_version\":\"18.16.0\"}"}}
[debug] [2023-10-11T06:19:55.615Z] [runtime-status] [29484] Functions runtime initialized. {"cwd":"E:\\evangadi\\phase3\\projecct week\\amazon-clone\\functions","node_version":"18.16.0"} {"metadata":{"emulator":{"name":"functions"},"function":{"name":"us-central1-api"},"extension":{},"message":"[runtime-status] [29484] Functions runtime initialized. {\"cwd\":\"E:\\\\evangadi\\\\phase3\\\\projecct week\\\\amazon-clone\\\\functions\",\"node_version\":\"18.16.0\"}"}}
[debug] [2023-10-11T06:19:55.616Z] [runtime-status] [29484] Listening to port: \\?\pipe\fire_emu_57b8ea17942ba076 {"metadata":{"emulator":{"name":"functions"},"function":{"name":"us-central1-api"},"extension":{},"message":"[runtime-status] [29484] Listening to port: \\\\?\\pipe\\fire_emu_57b8ea17942ba076"}}
[debug] [2023-10-11T06:19:55.617Z] [runtime-status] [29492] Listening to port: \\?\pipe\fire_emu_b827c6911a0892fb {"metadata":{"emulator":{"name":"functions"},"function":{"name":"us-central1-api"},"extension":{},"message":"[runtime-status] [29492] Listening to port: \\\\?\\pipe\\fire_emu_b827c6911a0892fb"}}
[debug] [2023-10-11T06:19:55.656Z] [worker-us-central1-api-7051eb5a-a480-410b-a031-d8566f66648f]: IDLE {"metadata":{"emulator":{"name":"functions"},"function":{"name":"us-central1-api"},"extension":{},"message":"[worker-us-central1-api-7051eb5a-a480-410b-a031-d8566f66648f]: IDLE"}}
[debug] [2023-10-11T06:19:55.657Z] [worker-pool] submitRequest(triggerId=us-central1-api) {"metadata":{"emulator":{"name":"functions"},"message":"[worker-pool] submitRequest(triggerId=us-central1-api)"}}
[info] i  functions: Beginning execution of "us-central1-api" {"metadata":{"emulator":{"name":"functions"},"function":{"name":"us-central1-api"},"extension":{},"message":"Beginning execution of \"us-central1-api\""}}
[debug] [2023-10-11T06:19:55.658Z] [worker-us-central1-api-7051eb5a-a480-410b-a031-d8566f66648f]: BUSY {"metadata":{"emulator":{"name":"functions"},"function":{"name":"us-central1-api"},"extension":{},"message":"[worker-us-central1-api-7051eb5a-a480-410b-a031-d8566f66648f]: BUSY"}}
[debug] [2023-10-11T06:19:55.661Z] [worker-us-central1-api-0f198e58-dee1-4624-a34a-be0cc68c3ae8]: IDLE {"metadata":{"emulator":{"name":"functions"},"function":{"name":"us-central1-api"},"extension":{},"message":"[worker-us-central1-api-0f198e58-dee1-4624-a34a-be0cc68c3ae8]: IDLE"}}
[debug] [2023-10-11T06:19:55.661Z] [worker-pool] submitRequest(triggerId=us-central1-api) {"metadata":{"emulator":{"name":"functions"},"message":"[worker-pool] submitRequest(triggerId=us-central1-api)"}}
[info] i  functions: Beginning execution of "us-central1-api" {"metadata":{"emulator":{"name":"functions"},"function":{"name":"us-central1-api"},"extension":{},"message":"Beginning execution of \"us-central1-api\""}}
[debug] [2023-10-11T06:19:55.662Z] [worker-us-central1-api-0f198e58-dee1-4624-a34a-be0cc68c3ae8]: BUSY {"metadata":{"emulator":{"name":"functions"},"function":{"name":"us-central1-api"},"extension":{},"message":"[worker-us-central1-api-0f198e58-dee1-4624-a34a-be0cc68c3ae8]: BUSY"}}
[debug] [2023-10-11T06:19:57.070Z] Finishing up request with event=pause {"metadata":{"emulator":{"name":"functions"},"function":{"name":"us-central1-api"},"extension":{},"message":"Finishing up request with event=pause"}}
[info] i  functions: Finished "us-central1-api" in 1411.7685000000001ms {"metadata":{"emulator":{"name":"functions"},"function":{"name":"us-central1-api"},"extension":{},"message":"Finished \"us-central1-api\" in 1411.7685000000001ms"}}
[debug] [2023-10-11T06:19:57.071Z] [worker-us-central1-api-7051eb5a-a480-410b-a031-d8566f66648f]: IDLE {"metadata":{"emulator":{"name":"functions"},"function":{"name":"us-central1-api"},"extension":{},"message":"[worker-us-central1-api-7051eb5a-a480-410b-a031-d8566f66648f]: IDLE"}}
[debug] [2023-10-11T06:19:57.071Z] Finishing up request with event=finish {"metadata":{"emulator":{"name":"functions"},"function":{"name":"us-central1-api"},"extension":{},"message":"Finishing up request with event=finish"}}
[debug] [2023-10-11T06:19:57.072Z] Finishing up request with event=close {"metadata":{"emulator":{"name":"functions"},"function":{"name":"us-central1-api"},"extension":{},"message":"Finishing up request with event=close"}}
[debug] [2023-10-11T06:19:57.072Z] [work-queue] {"queuedWork":[],"queueLength":0,"runningWork":["/my-amzon-clone-fc9f5/us-central1/api/payments/create-2023-10-11T06:19:52.152Z"],"workRunningCount":1}
[info] >  payement request recived for this amount >>>>>>> 2900 {"user":"payement request recived for this amount >>>>>>> 2900","metadata":{"emulator":{"name":"functions"},"function":{"name":"us-central1-api"},"extension":{},"message":"\u001b[90m> \u001b[39m payement request recived for this amount >>>>>>> 2900"}}
[debug] [2023-10-11T06:19:57.119Z] Finishing up request with event=pause {"metadata":{"emulator":{"name":"functions"},"function":{"name":"us-central1-api"},"extension":{},"message":"Finishing up request with event=pause"}}
[info] i  functions: Finished "us-central1-api" in 1456.8811ms {"metadata":{"emulator":{"name":"functions"},"function":{"name":"us-central1-api"},"extension":{},"message":"Finished \"us-central1-api\" in 1456.8811ms"}}
[debug] [2023-10-11T06:19:57.120Z] [worker-us-central1-api-0f198e58-dee1-4624-a34a-be0cc68c3ae8]: IDLE {"metadata":{"emulator":{"name":"functions"},"function":{"name":"us-central1-api"},"extension":{},"message":"[worker-us-central1-api-0f198e58-dee1-4624-a34a-be0cc68c3ae8]: IDLE"}}
[debug] [2023-10-11T06:19:57.120Z] Finishing up request with event=finish {"metadata":{"emulator":{"name":"functions"},"function":{"name":"us-central1-api"},"extension":{},"message":"Finishing up request with event=finish"}}
[debug] [2023-10-11T06:19:57.120Z] Finishing up request with event=close {"metadata":{"emulator":{"name":"functions"},"function":{"name":"us-central1-api"},"extension":{},"message":"Finishing up request with event=close"}}
[debug] [2023-10-11T06:19:57.121Z] [work-queue] {"queuedWork":[],"queueLength":0,"runningWork":[],"workRunningCount":0}
[info] >  payement request recived for this amount >>>>>>> 2900 {"user":"payement request recived for this amount >>>>>>> 2900","metadata":{"emulator":{"name":"functions"},"function":{"name":"us-central1-api"},"extension":{},"message":"\u001b[90m> \u001b[39m payement request recived for this amount >>>>>>> 2900"}}
